<?xml version="1.0" encoding="UTF-8"?>
<coverage generated="1522112380641" clover="3.2.0">
  <project timestamp="1522112380641" name="All files">
    <metrics statements="25" coveredstatements="25" conditionals="6" coveredconditionals="6" methods="9" coveredmethods="9" elements="40" coveredelements="40" complexity="0" loc="25" ncloc="25" packages="1" files="1" classes="1">
      <file name="random_color.js" path="/home/jfehrman/Development/roloc/src/random_color.js">
        <metrics statements="25" coveredstatements="25" conditionals="6" coveredconditionals="6" methods="9" coveredmethods="9"/>
        <line num="4" count="1" type="stmt"/>
        <line num="5" count="1" type="stmt"/>
        <line num="9" count="36" type="cond" truecount="2" falsecount="0"/>
        <line num="11" count="1" type="stmt"/>
        <line num="13" count="1" type="stmt"/>
        <line num="17" count="62" type="stmt"/>
        <line num="22" count="36" type="stmt"/>
        <line num="25" count="1" type="stmt"/>
        <line num="32" count="36" type="stmt"/>
        <line num="35" count="1" type="stmt"/>
        <line num="47" count="17" type="stmt"/>
        <line num="62" count="17" type="stmt"/>
        <line num="71" count="1" type="stmt"/>
        <line num="73" count="31" type="stmt"/>
        <line num="74" count="31" type="cond" truecount="4" falsecount="0"/>
        <line num="76" count="1" type="stmt"/>
        <line num="79" count="30" type="stmt"/>
        <line num="82" count="31" type="stmt"/>
        <line num="84" count="31" type="stmt"/>
        <line num="90" count="1" type="stmt"/>
        <line num="92" count="5" type="stmt"/>
        <line num="93" count="5" type="stmt"/>
        <line num="101" count="1" type="stmt"/>
        <line num="103" count="14" type="stmt"/>
        <line num="117" count="14" type="stmt"/>
      </file>
    </metrics>
  </project>
</coverage>
