{"/home/jfehrman/Development/roloc/src/random_color.js": {"path":"/home/jfehrman/Development/roloc/src/random_color.js","statementMap":{"0":{"start":{"line":4,"column":19},"end":{"line":38,"column":4}},"1":{"start":{"line":5,"column":17},"end":{"line":5,"column":26}},"2":{"start":{"line":9,"column":4},"end":{"line":30,"column":5}},"3":{"start":{"line":11,"column":6},"end":{"line":29,"column":11}},"4":{"start":{"line":13,"column":24},"end":{"line":13,"column":25}},"5":{"start":{"line":17,"column":10},"end":{"line":17,"column":27}},"6":{"start":{"line":22,"column":10},"end":{"line":22,"column":28}},"7":{"start":{"line":25,"column":8},"end":{"line":28,"column":10}},"8":{"start":{"line":32,"column":4},"end":{"line":32,"column":20}},"9":{"start":{"line":35,"column":2},"end":{"line":37,"column":4}},"10":{"start":{"line":47,"column":17},"end":{"line":60,"column":3}},"11":{"start":{"line":62,"column":2},"end":{"line":62,"column":33}},"12":{"start":{"line":71,"column":16},"end":{"line":85,"column":1}},"13":{"start":{"line":73,"column":16},"end":{"line":73,"column":40}},"14":{"start":{"line":74,"column":2},"end":{"line":80,"column":3}},"15":{"start":{"line":76,"column":4},"end":{"line":76,"column":70}},"16":{"start":{"line":79,"column":4},"end":{"line":79,"column":67}},"17":{"start":{"line":82,"column":16},"end":{"line":82,"column":44}},"18":{"start":{"line":84,"column":2},"end":{"line":84,"column":15}},"19":{"start":{"line":90,"column":19},"end":{"line":94,"column":1}},"20":{"start":{"line":92,"column":16},"end":{"line":92,"column":40}},"21":{"start":{"line":93,"column":2},"end":{"line":93,"column":24}},"22":{"start":{"line":101,"column":24},"end":{"line":118,"column":1}},"23":{"start":{"line":103,"column":17},"end":{"line":115,"column":3}},"24":{"start":{"line":117,"column":2},"end":{"line":117,"column":33}}},"fnMap":{"0":{"name":"(anonymous_0)","decl":{"start":{"line":4,"column":20},"end":{"line":4,"column":21}},"loc":{"start":{"line":4,"column":31},"end":{"line":38,"column":1}},"line":4},"1":{"name":"getInstance","decl":{"start":{"line":7,"column":11},"end":{"line":7,"column":22}},"loc":{"start":{"line":7,"column":25},"end":{"line":33,"column":3}},"line":7},"2":{"name":"(anonymous_2)","decl":{"start":{"line":11,"column":18},"end":{"line":11,"column":19}},"loc":{"start":{"line":11,"column":30},"end":{"line":29,"column":7}},"line":11},"3":{"name":"getLastIndex","decl":{"start":{"line":15,"column":17},"end":{"line":15,"column":29}},"loc":{"start":{"line":15,"column":32},"end":{"line":18,"column":9}},"line":15},"4":{"name":"setLastIndex","decl":{"start":{"line":20,"column":17},"end":{"line":20,"column":29}},"loc":{"start":{"line":20,"column":37},"end":{"line":23,"column":9}},"line":20},"5":{"name":"(anonymous_5)","decl":{"start":{"line":45,"column":15},"end":{"line":45,"column":16}},"loc":{"start":{"line":45,"column":25},"end":{"line":63,"column":1}},"line":45},"6":{"name":"(anonymous_6)","decl":{"start":{"line":71,"column":16},"end":{"line":71,"column":17}},"loc":{"start":{"line":71,"column":34},"end":{"line":85,"column":1}},"line":71},"7":{"name":"(anonymous_7)","decl":{"start":{"line":90,"column":19},"end":{"line":90,"column":20}},"loc":{"start":{"line":90,"column":25},"end":{"line":94,"column":1}},"line":90},"8":{"name":"(anonymous_8)","decl":{"start":{"line":101,"column":24},"end":{"line":101,"column":25}},"loc":{"start":{"line":101,"column":34},"end":{"line":118,"column":1}},"line":101}},"branchMap":{"0":{"loc":{"start":{"line":9,"column":4},"end":{"line":30,"column":5}},"type":"if","locations":[{"start":{"line":9,"column":4},"end":{"line":30,"column":5}},{"start":{"line":9,"column":4},"end":{"line":30,"column":5}}],"line":9},"1":{"loc":{"start":{"line":74,"column":2},"end":{"line":80,"column":3}},"type":"if","locations":[{"start":{"line":74,"column":2},"end":{"line":80,"column":3}},{"start":{"line":74,"column":2},"end":{"line":80,"column":3}}],"line":74},"2":{"loc":{"start":{"line":74,"column":6},"end":{"line":74,"column":37}},"type":"binary-expr","locations":[{"start":{"line":74,"column":6},"end":{"line":74,"column":10}},{"start":{"line":74,"column":14},"end":{"line":74,"column":37}}],"line":74}},"s":{"0":1,"1":1,"2":36,"3":1,"4":1,"5":62,"6":36,"7":1,"8":36,"9":1,"10":17,"11":17,"12":1,"13":31,"14":31,"15":1,"16":30,"17":31,"18":31,"19":1,"20":5,"21":5,"22":1,"23":14,"24":14},"f":{"0":1,"1":36,"2":1,"3":62,"4":36,"5":17,"6":31,"7":5,"8":14},"b":{"0":[1,35],"1":[1,30],"2":[31,1]},"_coverageSchema":"332fd63041d2c1bcb487cc26dd0d5f7d97098a6c","hash":"774f1146fabd96d92c4f43b9702c3f8c7839b469"}
}
