TN:
SF:/home/jfehrman/Development/roloc/src/random_color.js
FN:4,(anonymous_0)
FN:7,getInstance
FN:11,(anonymous_2)
FN:15,getLastIndex
FN:20,setLastIndex
FN:45,(anonymous_5)
FN:71,(anonymous_6)
FN:90,(anonymous_7)
FN:101,(anonymous_8)
FNF:9
FNH:9
FNDA:1,(anonymous_0)
FNDA:36,getInstance
FNDA:1,(anonymous_2)
FNDA:62,getLastIndex
FNDA:36,setLastIndex
FNDA:17,(anonymous_5)
FNDA:31,(anonymous_6)
FNDA:5,(anonymous_7)
FNDA:14,(anonymous_8)
DA:4,1
DA:5,1
DA:9,36
DA:11,1
DA:13,1
DA:17,62
DA:22,36
DA:25,1
DA:32,36
DA:35,1
DA:47,17
DA:62,17
DA:71,1
DA:73,31
DA:74,31
DA:76,1
DA:79,30
DA:82,31
DA:84,31
DA:90,1
DA:92,5
DA:93,5
DA:101,1
DA:103,14
DA:117,14
LF:25
LH:25
BRDA:9,0,0,1
BRDA:9,0,1,35
BRDA:74,1,0,1
BRDA:74,1,1,30
BRDA:74,2,0,31
BRDA:74,2,1,1
BRF:6
BRH:6
end_of_record
